<?xml version="1.0" encoding="UTF-8"?>
<!-- Generated by org.testng.reporters.JUnitReportReporter -->
<testsuite hostname="DESKTOP-OEKFEV7" failures="0" tests="1" name="listeners.Testclass1" time="4.396" errors="0" timestamp="2023-08-25T11:42:29 IST" skipped="0">
  <testcase classname="listeners.Testclass1" name="Test1" time="4.396"/>
</testsuite> <!-- listeners.Testclass1 -->
