<?xml version="1.0" encoding="UTF-8"?>
<!-- Generated by org.testng.reporters.JUnitReportReporter -->
<testsuite hostname="DESKTOP-OEKFEV7" failures="0" tests="1" name="listeners.Testclass2" time="6.555" errors="0" timestamp="2023-08-25T11:42:29 IST" skipped="0">
  <testcase classname="listeners.Testclass2" name="Test1" time="6.555"/>
</testsuite> <!-- listeners.Testclass2 -->
