<?xml version="1.0" encoding="UTF-8"?>
<!-- Generated by org.testng.reporters.JUnitReportReporter -->
<testsuite hostname="DESKTOP-OEKFEV7" failures="0" tests="1" name="testng.Asserts" time="14.975" errors="0" timestamp="2023-08-14T17:27:16 IST" skipped="0">
  <testcase classname="testng.Asserts" name="test1" time="14.975"/>
</testsuite> <!-- testng.Asserts -->
